#
# There is insufficient memory for the Java Runtime Environment to continue.
# Native memory allocation (malloc) failed to allocate 1152176 bytes. Error detail: Chunk::new
# Possible reasons:
#   The system is out of physical RAM or swap space
#   This process is running with CompressedOops enabled, and the Java Heap may be blocking the growth of the native heap
# Possible solutions:
#   Reduce memory load on the system
#   Increase physical memory or swap space
#   Check if swap backing store is full
#   Decrease Java heap size (-Xmx/-Xms)
#   Decrease number of Java threads
#   Decrease Java thread stack sizes (-Xss)
#   Set larger code cache with -XX:ReservedCodeCacheSize=
#   JVM is running with Unscaled Compressed Oops mode in which the Java heap is
#     placed in the first 4GB address space. The Java Heap base address is the
#     maximum limit for the native heap growth. Please use -XX:HeapBaseMinAddress
#     to set the Java Heap base and to place the Java Heap above 4GB virtual address.
# This output file may be truncated or incomplete.
#
#  Out of Memory Error (arena.cpp:191), pid=34544, tid=30412
#
# JRE version: OpenJDK Runtime Environment Temurin-17.0.12+7 (17.0.12+7) (build 17.0.12+7)
# Java VM: OpenJDK 64-Bit Server VM Temurin-17.0.12+7 (17.0.12+7, mixed mode, tiered, compressed oops, compressed class ptrs, parallel gc, windows-amd64)
# No core dump will be written. Minidumps are not enabled by default on client versions of Windows
#

---------------  S U M M A R Y ------------

Command Line: --add-modules=ALL-SYSTEM --add-opens=java.base/java.util=ALL-UNNAMED --add-opens=java.base/java.lang=ALL-UNNAMED --add-opens=java.base/sun.nio.fs=ALL-UNNAMED -Declipse.application=org.eclipse.jdt.ls.core.id1 -Dosgi.bundles.defaultStartLevel=4 -Declipse.product=org.eclipse.jdt.ls.core.product -Djava.import.generatesMetadataFilesAtProjectRoot=false -DDetectVMInstallationsJob.disabled=true -Dfile.encoding=utf8 -XX:+UseParallelGC -XX:GCTimeRatio=4 -XX:AdaptiveSizePolicyWeight=90 -Dsun.zip.disableMemoryMapping=true -Xmx1G -Xms100m -Xlog:disable -javaagent:c:\Users\jeesh\.vscode\extensions\redhat.java-1.34.0-win32-x64\lombok\lombok-1.18.33.jar c:\Users\jeesh\.vscode\extensions\redhat.java-1.34.0-win32-x64\server\plugins\org.eclipse.equinox.launcher_1.6.900.v20240613-2009.jar -configuration c:\Users\jeesh\AppData\Roaming\Code\User\globalStorage\redhat.java\1.34.0\config_ss_win -data c:\Users\jeesh\AppData\Roaming\Code\User\workspaceStorage\3604ab0247817368cfd52dc7192b53cd\redhat.java\ss_ws --pipe=\\.\pipe\lsp-4080f6e0d95d0c2f819032197e00e70f-sock

Host: AMD Ryzen 5 5600H with Radeon Graphics         , 12 cores, 7G,  Windows 11 , 64 bit Build 22621 (10.0.22621.3958)
Time: Thu Sep 12 14:15:37 2024 Eastern Daylight Time elapsed time: 16.988309 seconds (0d 0h 0m 16s)

---------------  T H R E A D  ---------------

Current thread (0x000001e34c4014d0):  JavaThread "C2 CompilerThread0" daemon [_thread_in_native, id=30412, stack(0x000000bd82f00000,0x000000bd83000000)]


Current CompileTask:
C2:  16988 5422   !   4       org.eclipse.osgi.internal.loader.classpath.ClasspathManager::defineClass (636 bytes)

Stack: [0x000000bd82f00000,0x000000bd83000000]
Native frames: (J=compiled Java code, j=interpreted, Vv=VM code, C=native code)
V  [jvm.dll+0x67f929]
V  [jvm.dll+0x8371ba]
V  [jvm.dll+0x838c7e]
V  [jvm.dll+0x8392e3]
V  [jvm.dll+0x24834f]
V  [jvm.dll+0xac9d4]
V  [jvm.dll+0xad01c]
V  [jvm.dll+0x2af96f]
V  [jvm.dll+0x5868d7]
V  [jvm.dll+0x2231c2]
V  [jvm.dll+0x2235bf]
V  [jvm.dll+0x21c6e0]
V  [jvm.dll+0x219be1]
V  [jvm.dll+0x1a58bd]
V  [jvm.dll+0x229a2d]
V  [jvm.dll+0x227bdc]
V  [jvm.dll+0x7ec1f7]
V  [jvm.dll+0x7e65dc]
V  [jvm.dll+0x67e7f7]
C  [ucrtbase.dll+0x29333]
C  [KERNEL32.DLL+0x1257d]
C  [ntdll.dll+0x5af28]


---------------  P R O C E S S  ---------------

Threads class SMR info:
_java_thread_list=0x000001e34dfb5950, length=47, elements={
0x000001e3334645a0, 0x000001e34c3c9030, 0x000001e34c3cb570, 0x000001e34c3de350,
0x000001e34c3fe460, 0x000001e34c3feff0, 0x000001e34c4008d0, 0x000001e34c4014d0,
0x000001e34c404c50, 0x000001e34c41f680, 0x000001e34c4b04d0, 0x000001e34dc23550,
0x000001e34e0dd040, 0x000001e34e601020, 0x000001e34e76eac0, 0x000001e34e1dc620,
0x000001e34e28e570, 0x000001e34e28d640, 0x000001e34e2903d0, 0x000001e34e28e060,
0x000001e34e28ea80, 0x000001e34e28ef90, 0x000001e34e28db50, 0x000001e34e28f4a0,
0x000001e34e2908e0, 0x000001e34e290df0, 0x000001e34e28f9b0, 0x000001e34ef319b0,
0x000001e34ef34c50, 0x000001e34ef30060, 0x000001e34ef35160, 0x000001e34ef374d0,
0x000001e34ef35670, 0x000001e34ef379e0, 0x000001e34ef31ec0, 0x000001e34ef32df0,
0x000001e34ef33300, 0x000001e34ef323d0, 0x000001e34ef35b80, 0x000001e34ef36090,
0x000001e34ef33810, 0x000001e34ef365a0, 0x000001e34ef36ab0, 0x000001e34ef36fc0,
0x000001e34ef33d20, 0x000001e34ef30f90, 0x000001e34ef328e0
}

Java Threads: ( => current thread )
  0x000001e3334645a0 JavaThread "main" [_thread_blocked, id=34516, stack(0x000000bd82600000,0x000000bd82700000)]
  0x000001e34c3c9030 JavaThread "Reference Handler" daemon [_thread_blocked, id=33772, stack(0x000000bd82900000,0x000000bd82a00000)]
  0x000001e34c3cb570 JavaThread "Finalizer" daemon [_thread_blocked, id=34660, stack(0x000000bd82a00000,0x000000bd82b00000)]
  0x000001e34c3de350 JavaThread "Signal Dispatcher" daemon [_thread_blocked, id=34764, stack(0x000000bd82b00000,0x000000bd82c00000)]
  0x000001e34c3fe460 JavaThread "Attach Listener" daemon [_thread_blocked, id=34644, stack(0x000000bd82c00000,0x000000bd82d00000)]
  0x000001e34c3feff0 JavaThread "Service Thread" daemon [_thread_blocked, id=22332, stack(0x000000bd82d00000,0x000000bd82e00000)]
  0x000001e34c4008d0 JavaThread "Monitor Deflation Thread" daemon [_thread_blocked, id=34640, stack(0x000000bd82e00000,0x000000bd82f00000)]
=>0x000001e34c4014d0 JavaThread "C2 CompilerThread0" daemon [_thread_in_native, id=30412, stack(0x000000bd82f00000,0x000000bd83000000)]
  0x000001e34c404c50 JavaThread "C1 CompilerThread0" daemon [_thread_blocked, id=33348, stack(0x000000bd83000000,0x000000bd83100000)]
  0x000001e34c41f680 JavaThread "Sweeper thread" daemon [_thread_blocked, id=27632, stack(0x000000bd83100000,0x000000bd83200000)]
  0x000001e34c4b04d0 JavaThread "Common-Cleaner" daemon [_thread_blocked, id=33932, stack(0x000000bd83200000,0x000000bd83300000)]
  0x000001e34dc23550 JavaThread "Notification Thread" daemon [_thread_blocked, id=33924, stack(0x000000bd83300000,0x000000bd83400000)]
  0x000001e34e0dd040 JavaThread "Active Thread: Equinox Container: 62cb4c67-8541-418c-9b78-f1a07958ef2c" [_thread_blocked, id=34760, stack(0x000000bd83b00000,0x000000bd83c00000)]
  0x000001e34e601020 JavaThread "Framework Event Dispatcher: Equinox Container: 62cb4c67-8541-418c-9b78-f1a07958ef2c" daemon [_thread_blocked, id=33800, stack(0x000000bd83c00000,0x000000bd83d00000)]
  0x000001e34e76eac0 JavaThread "Start Level: Equinox Container: 62cb4c67-8541-418c-9b78-f1a07958ef2c" daemon [_thread_blocked, id=33868, stack(0x000000bd83d00000,0x000000bd83e00000)]
  0x000001e34e1dc620 JavaThread "SCR Component Actor" daemon [_thread_blocked, id=33240, stack(0x000000bd83e00000,0x000000bd83f00000)]
  0x000001e34e28e570 JavaThread "Worker-JM" [_thread_blocked, id=34264, stack(0x000000bd84100000,0x000000bd84200000)]
  0x000001e34e28d640 JavaThread "Worker-0" [_thread_blocked, id=34120, stack(0x000000bd84400000,0x000000bd84500000)]
  0x000001e34e2903d0 JavaThread "Worker-1" [_thread_blocked, id=33488, stack(0x000000bd84500000,0x000000bd84600000)]
  0x000001e34e28e060 JavaThread "JNA Cleaner" daemon [_thread_blocked, id=2252, stack(0x000000bd84600000,0x000000bd84700000)]
  0x000001e34e28ea80 JavaThread "Thread-2" daemon [_thread_in_native, id=34260, stack(0x000000bd84700000,0x000000bd84800000)]
  0x000001e34e28ef90 JavaThread "Thread-3" daemon [_thread_in_native, id=27576, stack(0x000000bd84800000,0x000000bd84900000)]
  0x000001e34e28db50 JavaThread "Thread-4" daemon [_thread_in_native, id=9344, stack(0x000000bd84900000,0x000000bd84a00000)]
  0x000001e34e28f4a0 JavaThread "Thread-5" daemon [_thread_in_native, id=34088, stack(0x000000bd84a00000,0x000000bd84b00000)]
  0x000001e34e2908e0 JavaThread "Thread-6" daemon [_thread_in_native, id=6068, stack(0x000000bd84b00000,0x000000bd84c00000)]
  0x000001e34e290df0 JavaThread "Thread-7" daemon [_thread_in_native, id=26184, stack(0x000000bd84c00000,0x000000bd84d00000)]
  0x000001e34e28f9b0 JavaThread "Thread-8" daemon [_thread_in_native, id=15136, stack(0x000000bd84d00000,0x000000bd84e00000)]
  0x000001e34ef319b0 JavaThread "Thread-9" daemon [_thread_in_native, id=33312, stack(0x000000bd84e00000,0x000000bd84f00000)]
  0x000001e34ef34c50 JavaThread "Thread-10" daemon [_thread_in_native, id=26112, stack(0x000000bd84f00000,0x000000bd85000000)]
  0x000001e34ef30060 JavaThread "Thread-11" daemon [_thread_in_native, id=9456, stack(0x000000bd85000000,0x000000bd85100000)]
  0x000001e34ef35160 JavaThread "Thread-12" daemon [_thread_in_native, id=18668, stack(0x000000bd85100000,0x000000bd85200000)]
  0x000001e34ef374d0 JavaThread "Thread-13" daemon [_thread_in_native, id=34684, stack(0x000000bd85200000,0x000000bd85300000)]
  0x000001e34ef35670 JavaThread "Thread-14" daemon [_thread_in_native, id=17036, stack(0x000000bd85300000,0x000000bd85400000)]
  0x000001e34ef379e0 JavaThread "pool-2-thread-1" [_thread_blocked, id=30260, stack(0x000000bd85400000,0x000000bd85500000)]
  0x000001e34ef31ec0 JavaThread "WorkspaceEventsHandler" [_thread_blocked, id=33876, stack(0x000000bd85500000,0x000000bd85600000)]
  0x000001e34ef32df0 JavaThread "pool-1-thread-1" [_thread_blocked, id=32804, stack(0x000000bd85600000,0x000000bd85700000)]
  0x000001e34ef33300 JavaThread "ForkJoinPool.commonPool-worker-1" daemon [_thread_blocked, id=10256, stack(0x000000bd85700000,0x000000bd85800000)]
  0x000001e34ef323d0 JavaThread "ForkJoinPool.commonPool-worker-2" daemon [_thread_blocked, id=31788, stack(0x000000bd85800000,0x000000bd85900000)]
  0x000001e34ef35b80 JavaThread "Worker-2" [_thread_blocked, id=29224, stack(0x000000bd85900000,0x000000bd85a00000)]
  0x000001e34ef36090 JavaThread "ForkJoinPool.commonPool-worker-3" daemon [_thread_blocked, id=25456, stack(0x000000bd85a00000,0x000000bd85b00000)]
  0x000001e34ef33810 JavaThread "Compiler Source File Reader" daemon [_thread_blocked, id=33984, stack(0x000000bd84000000,0x000000bd84100000)]
  0x000001e34ef365a0 JavaThread "Compiler Processing Task" daemon [_thread_blocked, id=33368, stack(0x000000bd85b00000,0x000000bd85c00000)]
  0x000001e34ef36ab0 JavaThread "Compiler Source File Reader" daemon [_thread_blocked, id=25536, stack(0x000000bd85c00000,0x000000bd85d00000)]
  0x000001e34ef36fc0 JavaThread "Compiler Source File Reader" daemon [_thread_blocked, id=27388, stack(0x000000bd85d00000,0x000000bd85e00000)]
  0x000001e34ef33d20 JavaThread "Compiler Source File Reader" daemon [_thread_blocked, id=22312, stack(0x000000bd85e00000,0x000000bd85f00000)]
  0x000001e34ef30f90 JavaThread "Compiler Source File Reader" daemon [_thread_blocked, id=27252, stack(0x000000bd85f00000,0x000000bd86000000)]
  0x000001e34ef328e0 JavaThread "pool-3-thread-1" [_thread_blocked, id=28904, stack(0x000000bd86100000,0x000000bd86200000)]

Other Threads:
  0x000001e34c3b2860 VMThread "VM Thread" [stack: 0x000000bd82800000,0x000000bd82900000] [id=34420]
  0x000001e34c725a40 WatcherThread [stack: 0x000000bd83400000,0x000000bd83500000] [id=30912]
  0x000001e333478070 GCTaskThread "GC Thread#0" [stack: 0x000000bd82700000,0x000000bd82800000] [id=34680]
  0x000001e34dd34ab0 GCTaskThread "GC Thread#1" [stack: 0x000000bd83500000,0x000000bd83600000] [id=27060]
  0x000001e34e164de0 GCTaskThread "GC Thread#2" [stack: 0x000000bd83600000,0x000000bd83700000] [id=14444]
  0x000001e34e0fd830 GCTaskThread "GC Thread#3" [stack: 0x000000bd83700000,0x000000bd83800000] [id=33524]
  0x000001e34e0fdaf0 GCTaskThread "GC Thread#4" [stack: 0x000000bd83800000,0x000000bd83900000] [id=32940]
  0x000001e34e1a00a0 GCTaskThread "GC Thread#5" [stack: 0x000000bd83900000,0x000000bd83a00000] [id=21272]
  0x000001e34e1a0360 GCTaskThread "GC Thread#6" [stack: 0x000000bd83a00000,0x000000bd83b00000] [id=28368]
  0x000001e34de74bf0 GCTaskThread "GC Thread#7" [stack: 0x000000bd83f00000,0x000000bd84000000] [id=33388]
  0x000001e34e596330 GCTaskThread "GC Thread#8" [stack: 0x000000bd84200000,0x000000bd84300000] [id=26968]
  0x000001e34e575840 GCTaskThread "GC Thread#9" [stack: 0x000000bd84300000,0x000000bd84400000] [id=29788]

Threads with active compile tasks:
C2 CompilerThread0    17015 5422   !   4       org.eclipse.osgi.internal.loader.classpath.ClasspathManager::defineClass (636 bytes)

VM state: not at safepoint (normal execution)

VM Mutex/Monitor currently owned by a thread: None

Heap address: 0x00000000c0000000, size: 1024 MB, Compressed Oops mode: 32-bit

CDS archive(s) not mapped
Compressed class space mapped at: 0x0000000100000000-0x0000000140000000, reserved size: 1073741824
Narrow klass base: 0x0000000000000000, Narrow klass shift: 3, Narrow klass range: 0x140000000

GC Precious Log:
 CPUs: 12 total, 12 available
 Memory: 7521M
 Large Page Support: Disabled
 NUMA Support: Disabled
 Compressed Oops: Enabled (32-bit)
 Alignments: Space 512K, Generation 512K, Heap 2M
 Heap Min Capacity: 100M
 Heap Initial Capacity: 100M
 Heap Max Capacity: 1G
 Pre-touch: Disabled
 Parallel Workers: 10

Heap:
 PSYoungGen      total 22016K, used 19603K [0x00000000eab00000, 0x00000000ec600000, 0x0000000100000000)
  eden space 21504K, 88% used [0x00000000eab00000,0x00000000ebda8c40,0x00000000ec000000)
  from space 512K, 96% used [0x00000000ec500000,0x00000000ec57c030,0x00000000ec580000)
  to   space 3072K, 0% used [0x00000000ec000000,0x00000000ec000000,0x00000000ec300000)
 ParOldGen       total 68608K, used 36229K [0x00000000c0000000, 0x00000000c4300000, 0x00000000eab00000)
  object space 68608K, 52% used [0x00000000c0000000,0x00000000c23617d8,0x00000000c4300000)
 Metaspace       used 49981K, committed 50816K, reserved 1114112K
  class space    used 5064K, committed 5440K, reserved 1048576K

Card table byte_map: [0x000001e332de0000,0x000001e332ff0000] _byte_map_base: 0x000001e3327e0000

Marking Bits: (ParMarkBitMap*) 0x00007ffaeeb658b0
 Begin Bits: [0x000001e3450e0000, 0x000001e3460e0000)
 End Bits:   [0x000001e3460e0000, 0x000001e3470e0000)

Polling page: 0x000001e3313f0000

Metaspace:

Usage:
  Non-class:     43.86 MB used.
      Class:      4.95 MB used.
       Both:     48.81 MB used.

Virtual space:
  Non-class space:       64.00 MB reserved,      44.31 MB ( 69%) committed,  1 nodes.
      Class space:        1.00 GB reserved,       5.31 MB ( <1%) committed,  1 nodes.
             Both:        1.06 GB reserved,      49.62 MB (  5%) committed. 

Chunk freelists:
   Non-Class:  3.67 MB
       Class:  10.64 MB
        Both:  14.31 MB

MaxMetaspaceSize: unlimited
CompressedClassSpaceSize: 1.00 GB
Initial GC threshold: 21.00 MB
Current GC threshold: 58.38 MB
CDS: off
MetaspaceReclaimPolicy: balanced
 - commit_granule_bytes: 65536.
 - commit_granule_words: 8192.
 - virtual_space_node_default_size: 8388608.
 - enlarge_chunks_in_place: 1.
 - new_chunks_are_fully_committed: 0.
 - uncommit_free_chunks: 1.
 - use_allocation_guard: 0.
 - handle_deallocations: 1.


Internal statistics:

num_allocs_failed_limit: 6.
num_arena_births: 488.
num_arena_deaths: 14.
num_vsnodes_births: 2.
num_vsnodes_deaths: 0.
num_space_committed: 794.
num_space_uncommitted: 0.
num_chunks_returned_to_freelist: 20.
num_chunks_taken_from_freelist: 2293.
num_chunk_merges: 8.
num_chunk_splits: 1430.
num_chunks_enlarged: 891.
num_inconsistent_stats: 0.

CodeHeap 'non-profiled nmethods': size=120000Kb used=2455Kb max_used=2455Kb free=117544Kb
 bounds [0x000001e33dbb0000, 0x000001e33de20000, 0x000001e3450e0000]
CodeHeap 'profiled nmethods': size=120000Kb used=11428Kb max_used=11428Kb free=108571Kb
 bounds [0x000001e3360e0000, 0x000001e336c10000, 0x000001e33d610000]
CodeHeap 'non-nmethods': size=5760Kb used=1354Kb max_used=1394Kb free=4405Kb
 bounds [0x000001e33d610000, 0x000001e33d880000, 0x000001e33dbb0000]
 total_blobs=6139 nmethods=5437 adapters=613
 compilation: enabled
              stopped_count=0, restarted_count=0
 full_count=0

Compilation events (20 events):
Event: 16.821 Thread 0x000001e34c404c50 5437       3       org.eclipse.core.internal.dtree.DataTreeWriter::writeNumber (47 bytes)
Event: 16.821 Thread 0x000001e34c404c50 nmethod 5437 0x000001e336c03710 code [0x000001e336c038e0, 0x000001e336c03ce8]
Event: 16.823 Thread 0x000001e34c404c50 5438       3       java.io.DataOutputStream::writeUTF (7 bytes)
Event: 16.823 Thread 0x000001e34c404c50 nmethod 5438 0x000001e336c03e10 code [0x000001e336c03fa0, 0x000001e336c040e8]
Event: 16.823 Thread 0x000001e34c404c50 5439  s    3       java.io.DataOutputStream::write (16 bytes)
Event: 16.823 Thread 0x000001e34c404c50 nmethod 5439 0x000001e336c04190 code [0x000001e336c04340, 0x000001e336c04668]
Event: 16.824 Thread 0x000001e34c404c50 5440  s    3       java.io.BufferedOutputStream::write (35 bytes)
Event: 16.824 Thread 0x000001e34c404c50 nmethod 5440 0x000001e336c04790 code [0x000001e336c04940, 0x000001e336c04d08]
Event: 16.824 Thread 0x000001e34c404c50 5441       3       java.io.OutputStream::write (34 bytes)
Event: 16.825 Thread 0x000001e34c404c50 nmethod 5441 0x000001e336c04e90 code [0x000001e336c05060, 0x000001e336c054d8]
Event: 16.825 Thread 0x000001e34c404c50 5442       1       org.eclipse.core.internal.dtree.DataTreeNode::type (2 bytes)
Event: 16.825 Thread 0x000001e34c404c50 nmethod 5442 0x000001e33de14d90 code [0x000001e33de14f20, 0x000001e33de14ff8]
Event: 16.864 Thread 0x000001e34c404c50 5448  s    3       java.lang.invoke.MethodTypeForm::setCachedLambdaForm (44 bytes)
Event: 16.865 Thread 0x000001e34c404c50 nmethod 5448 0x000001e336c05710 code [0x000001e336c05900, 0x000001e336c06148]
Event: 16.899 Thread 0x000001e34c404c50 5449       1       org.eclipse.core.internal.resources.MarkerInfo::getType (5 bytes)
Event: 16.899 Thread 0x000001e34c404c50 nmethod 5449 0x000001e33de15990 code [0x000001e33de15b20, 0x000001e33de15bf8]
Event: 16.916 Thread 0x000001e34c404c50 5452       3       org.eclipse.core.internal.resources.MarkerAttributeMap::getMap (11 bytes)
Event: 16.916 Thread 0x000001e34c404c50 nmethod 5452 0x000001e336c06410 code [0x000001e336c065c0, 0x000001e336c067f8]
Event: 16.939 Thread 0x000001e34c404c50 5453   !   3       org.eclipse.core.internal.resources.Container::getChildren (154 bytes)
Event: 16.941 Thread 0x000001e34c404c50 nmethod 5453 0x000001e336c06910 code [0x000001e336c06bc0, 0x000001e336c07b48]

GC Heap History (20 events):
Event: 6.311 GC heap before
{Heap before GC invocations=19 (full 2):
 PSYoungGen      total 23552K, used 23552K [0x00000000eab00000, 0x00000000ec580000, 0x0000000100000000)
  eden space 21504K, 100% used [0x00000000eab00000,0x00000000ec000000,0x00000000ec000000)
  from space 2048K, 100% used [0x00000000ec280000,0x00000000ec480000,0x00000000ec480000)
  to   space 2560K, 0% used [0x00000000ec000000,0x00000000ec000000,0x00000000ec280000)
 ParOldGen       total 68608K, used 21390K [0x00000000c0000000, 0x00000000c4300000, 0x00000000eab00000)
  object space 68608K, 31% used [0x00000000c0000000,0x00000000c14e3890,0x00000000c4300000)
 Metaspace       used 41099K, committed 41856K, reserved 1114112K
  class space    used 4265K, committed 4608K, reserved 1048576K
}
Event: 6.315 GC heap after
{Heap after GC invocations=19 (full 2):
 PSYoungGen      total 24064K, used 2363K [0x00000000eab00000, 0x00000000ec500000, 0x0000000100000000)
  eden space 21504K, 0% used [0x00000000eab00000,0x00000000eab00000,0x00000000ec000000)
  from space 2560K, 92% used [0x00000000ec000000,0x00000000ec24eec0,0x00000000ec280000)
  to   space 2560K, 0% used [0x00000000ec280000,0x00000000ec280000,0x00000000ec500000)
 ParOldGen       total 68608K, used 23278K [0x00000000c0000000, 0x00000000c4300000, 0x00000000eab00000)
  object space 68608K, 33% used [0x00000000c0000000,0x00000000c16bb890,0x00000000c4300000)
 Metaspace       used 41099K, committed 41856K, reserved 1114112K
  class space    used 4265K, committed 4608K, reserved 1048576K
}
Event: 6.372 GC heap before
{Heap before GC invocations=20 (full 2):
 PSYoungGen      total 24064K, used 23867K [0x00000000eab00000, 0x00000000ec500000, 0x0000000100000000)
  eden space 21504K, 100% used [0x00000000eab00000,0x00000000ec000000,0x00000000ec000000)
  from space 2560K, 92% used [0x00000000ec000000,0x00000000ec24eec0,0x00000000ec280000)
  to   space 2560K, 0% used [0x00000000ec280000,0x00000000ec280000,0x00000000ec500000)
 ParOldGen       total 68608K, used 23278K [0x00000000c0000000, 0x00000000c4300000, 0x00000000eab00000)
  object space 68608K, 33% used [0x00000000c0000000,0x00000000c16bb890,0x00000000c4300000)
 Metaspace       used 41218K, committed 41984K, reserved 1114112K
  class space    used 4275K, committed 4608K, reserved 1048576K
}
Event: 6.378 GC heap after
{Heap after GC invocations=20 (full 2):
 PSYoungGen      total 23552K, used 1664K [0x00000000eab00000, 0x00000000ec480000, 0x0000000100000000)
  eden space 21504K, 0% used [0x00000000eab00000,0x00000000eab00000,0x00000000ec000000)
  from space 2048K, 81% used [0x00000000ec280000,0x00000000ec420000,0x00000000ec480000)
  to   space 2048K, 0% used [0x00000000ec080000,0x00000000ec080000,0x00000000ec280000)
 ParOldGen       total 68608K, used 25396K [0x00000000c0000000, 0x00000000c4300000, 0x00000000eab00000)
  object space 68608K, 37% used [0x00000000c0000000,0x00000000c18cd120,0x00000000c4300000)
 Metaspace       used 41218K, committed 41984K, reserved 1114112K
  class space    used 4275K, committed 4608K, reserved 1048576K
}
Event: 6.874 GC heap before
{Heap before GC invocations=21 (full 2):
 PSYoungGen      total 23552K, used 23168K [0x00000000eab00000, 0x00000000ec480000, 0x0000000100000000)
  eden space 21504K, 100% used [0x00000000eab00000,0x00000000ec000000,0x00000000ec000000)
  from space 2048K, 81% used [0x00000000ec280000,0x00000000ec420000,0x00000000ec480000)
  to   space 2048K, 0% used [0x00000000ec080000,0x00000000ec080000,0x00000000ec280000)
 ParOldGen       total 68608K, used 25396K [0x00000000c0000000, 0x00000000c4300000, 0x00000000eab00000)
  object space 68608K, 37% used [0x00000000c0000000,0x00000000c18cd120,0x00000000c4300000)
 Metaspace       used 42643K, committed 43456K, reserved 1114112K
  class space    used 4400K, committed 4736K, reserved 1048576K
}
Event: 6.880 GC heap after
{Heap after GC invocations=21 (full 2):
 PSYoungGen      total 23552K, used 2033K [0x00000000eab00000, 0x00000000ecd00000, 0x0000000100000000)
  eden space 21504K, 0% used [0x00000000eab00000,0x00000000eab00000,0x00000000ec000000)
  from space 2048K, 99% used [0x00000000ec080000,0x00000000ec27c510,0x00000000ec280000)
  to   space 6656K, 0% used [0x00000000ec680000,0x00000000ec680000,0x00000000ecd00000)
 ParOldGen       total 68608K, used 28852K [0x00000000c0000000, 0x00000000c4300000, 0x00000000eab00000)
  object space 68608K, 42% used [0x00000000c0000000,0x00000000c1c2d130,0x00000000c4300000)
 Metaspace       used 42643K, committed 43456K, reserved 1114112K
  class space    used 4400K, committed 4736K, reserved 1048576K
}
Event: 7.051 GC heap before
{Heap before GC invocations=22 (full 2):
 PSYoungGen      total 23552K, used 23491K [0x00000000eab00000, 0x00000000ecd00000, 0x0000000100000000)
  eden space 21504K, 99% used [0x00000000eab00000,0x00000000ebff49a0,0x00000000ec000000)
  from space 2048K, 99% used [0x00000000ec080000,0x00000000ec27c510,0x00000000ec280000)
  to   space 6656K, 0% used [0x00000000ec680000,0x00000000ec680000,0x00000000ecd00000)
 ParOldGen       total 68608K, used 28852K [0x00000000c0000000, 0x00000000c4300000, 0x00000000eab00000)
  object space 68608K, 42% used [0x00000000c0000000,0x00000000c1c2d130,0x00000000c4300000)
 Metaspace       used 43750K, committed 44544K, reserved 1114112K
  class space    used 4497K, committed 4864K, reserved 1048576K
}
Event: 7.056 GC heap after
{Heap after GC invocations=22 (full 2):
 PSYoungGen      total 23552K, used 1560K [0x00000000eab00000, 0x00000000ec880000, 0x0000000100000000)
  eden space 21504K, 0% used [0x00000000eab00000,0x00000000eab00000,0x00000000ec000000)
  from space 2048K, 76% used [0x00000000ec680000,0x00000000ec806138,0x00000000ec880000)
  to   space 3072K, 0% used [0x00000000ec280000,0x00000000ec280000,0x00000000ec580000)
 ParOldGen       total 68608K, used 30879K [0x00000000c0000000, 0x00000000c4300000, 0x00000000eab00000)
  object space 68608K, 45% used [0x00000000c0000000,0x00000000c1e27de8,0x00000000c4300000)
 Metaspace       used 43750K, committed 44544K, reserved 1114112K
  class space    used 4497K, committed 4864K, reserved 1048576K
}
Event: 7.130 GC heap before
{Heap before GC invocations=23 (full 2):
 PSYoungGen      total 23552K, used 23064K [0x00000000eab00000, 0x00000000ec880000, 0x0000000100000000)
  eden space 21504K, 100% used [0x00000000eab00000,0x00000000ec000000,0x00000000ec000000)
  from space 2048K, 76% used [0x00000000ec680000,0x00000000ec806138,0x00000000ec880000)
  to   space 3072K, 0% used [0x00000000ec280000,0x00000000ec280000,0x00000000ec580000)
 ParOldGen       total 68608K, used 30879K [0x00000000c0000000, 0x00000000c4300000, 0x00000000eab00000)
  object space 68608K, 45% used [0x00000000c0000000,0x00000000c1e27de8,0x00000000c4300000)
 Metaspace       used 44137K, committed 44928K, reserved 1114112K
  class space    used 4518K, committed 4864K, reserved 1048576K
}
Event: 7.131 GC heap after
{Heap after GC invocations=23 (full 2):
 PSYoungGen      total 24576K, used 320K [0x00000000eab00000, 0x00000000ec700000, 0x0000000100000000)
  eden space 21504K, 0% used [0x00000000eab00000,0x00000000eab00000,0x00000000ec000000)
  from space 3072K, 10% used [0x00000000ec280000,0x00000000ec2d0010,0x00000000ec580000)
  to   space 1024K, 0% used [0x00000000ec600000,0x00000000ec600000,0x00000000ec700000)
 ParOldGen       total 68608K, used 31055K [0x00000000c0000000, 0x00000000c4300000, 0x00000000eab00000)
  object space 68608K, 45% used [0x00000000c0000000,0x00000000c1e53de8,0x00000000c4300000)
 Metaspace       used 44137K, committed 44928K, reserved 1114112K
  class space    used 4518K, committed 4864K, reserved 1048576K
}
Event: 7.418 GC heap before
{Heap before GC invocations=24 (full 2):
 PSYoungGen      total 24576K, used 21824K [0x00000000eab00000, 0x00000000ec700000, 0x0000000100000000)
  eden space 21504K, 100% used [0x00000000eab00000,0x00000000ec000000,0x00000000ec000000)
  from space 3072K, 10% used [0x00000000ec280000,0x00000000ec2d0010,0x00000000ec580000)
  to   space 1024K, 0% used [0x00000000ec600000,0x00000000ec600000,0x00000000ec700000)
 ParOldGen       total 68608K, used 31055K [0x00000000c0000000, 0x00000000c4300000, 0x00000000eab00000)
  object space 68608K, 45% used [0x00000000c0000000,0x00000000c1e53de8,0x00000000c4300000)
 Metaspace       used 45866K, committed 46720K, reserved 1114112K
  class space    used 4655K, committed 5056K, reserved 1048576K
}
Event: 7.419 GC heap after
{Heap after GC invocations=24 (full 2):
 PSYoungGen      total 22528K, used 1017K [0x00000000eab00000, 0x00000000ec700000, 0x0000000100000000)
  eden space 21504K, 0% used [0x00000000eab00000,0x00000000eab00000,0x00000000ec000000)
  from space 1024K, 99% used [0x00000000ec600000,0x00000000ec6fe490,0x00000000ec700000)
  to   space 2560K, 0% used [0x00000000ec200000,0x00000000ec200000,0x00000000ec480000)
 ParOldGen       total 68608K, used 31900K [0x00000000c0000000, 0x00000000c4300000, 0x00000000eab00000)
  object space 68608K, 46% used [0x00000000c0000000,0x00000000c1f272f8,0x00000000c4300000)
 Metaspace       used 45866K, committed 46720K, reserved 1114112K
  class space    used 4655K, committed 5056K, reserved 1048576K
}
Event: 7.587 GC heap before
{Heap before GC invocations=25 (full 2):
 PSYoungGen      total 22528K, used 22521K [0x00000000eab00000, 0x00000000ec700000, 0x0000000100000000)
  eden space 21504K, 100% used [0x00000000eab00000,0x00000000ec000000,0x00000000ec000000)
  from space 1024K, 99% used [0x00000000ec600000,0x00000000ec6fe490,0x00000000ec700000)
  to   space 2560K, 0% used [0x00000000ec200000,0x00000000ec200000,0x00000000ec480000)
 ParOldGen       total 68608K, used 31900K [0x00000000c0000000, 0x00000000c4300000, 0x00000000eab00000)
  object space 68608K, 46% used [0x00000000c0000000,0x00000000c1f272f8,0x00000000c4300000)
 Metaspace       used 46896K, committed 47744K, reserved 1114112K
  class space    used 4766K, committed 5184K, reserved 1048576K
}
Event: 7.589 GC heap after
{Heap after GC invocations=25 (full 2):
 PSYoungGen      total 24064K, used 1024K [0x00000000eab00000, 0x00000000ec680000, 0x0000000100000000)
  eden space 21504K, 0% used [0x00000000eab00000,0x00000000eab00000,0x00000000ec000000)
  from space 2560K, 40% used [0x00000000ec200000,0x00000000ec300050,0x00000000ec480000)
  to   space 1536K, 0% used [0x00000000ec500000,0x00000000ec500000,0x00000000ec680000)
 ParOldGen       total 68608K, used 32834K [0x00000000c0000000, 0x00000000c4300000, 0x00000000eab00000)
  object space 68608K, 47% used [0x00000000c0000000,0x00000000c2010a00,0x00000000c4300000)
 Metaspace       used 46896K, committed 47744K, reserved 1114112K
  class space    used 4766K, committed 5184K, reserved 1048576K
}
Event: 7.670 GC heap before
{Heap before GC invocations=26 (full 2):
 PSYoungGen      total 24064K, used 22528K [0x00000000eab00000, 0x00000000ec680000, 0x0000000100000000)
  eden space 21504K, 100% used [0x00000000eab00000,0x00000000ec000000,0x00000000ec000000)
  from space 2560K, 40% used [0x00000000ec200000,0x00000000ec300050,0x00000000ec480000)
  to   space 1536K, 0% used [0x00000000ec500000,0x00000000ec500000,0x00000000ec680000)
 ParOldGen       total 68608K, used 32834K [0x00000000c0000000, 0x00000000c4300000, 0x00000000eab00000)
  object space 68608K, 47% used [0x00000000c0000000,0x00000000c2010a00,0x00000000c4300000)
 Metaspace       used 47314K, committed 48128K, reserved 1114112K
  class space    used 4795K, committed 5184K, reserved 1048576K
}
Event: 7.672 GC heap after
{Heap after GC invocations=26 (full 2):
 PSYoungGen      total 22528K, used 592K [0x00000000eab00000, 0x00000000ec600000, 0x0000000100000000)
  eden space 21504K, 0% used [0x00000000eab00000,0x00000000eab00000,0x00000000ec000000)
  from space 1024K, 57% used [0x00000000ec500000,0x00000000ec594018,0x00000000ec600000)
  to   space 1024K, 0% used [0x00000000ec400000,0x00000000ec400000,0x00000000ec500000)
 ParOldGen       total 68608K, used 33627K [0x00000000c0000000, 0x00000000c4300000, 0x00000000eab00000)
  object space 68608K, 49% used [0x00000000c0000000,0x00000000c20d6e50,0x00000000c4300000)
 Metaspace       used 47314K, committed 48128K, reserved 1114112K
  class space    used 4795K, committed 5184K, reserved 1048576K
}
Event: 7.740 GC heap before
{Heap before GC invocations=27 (full 2):
 PSYoungGen      total 22528K, used 22096K [0x00000000eab00000, 0x00000000ec600000, 0x0000000100000000)
  eden space 21504K, 100% used [0x00000000eab00000,0x00000000ec000000,0x00000000ec000000)
  from space 1024K, 57% used [0x00000000ec500000,0x00000000ec594018,0x00000000ec600000)
  to   space 1024K, 0% used [0x00000000ec400000,0x00000000ec400000,0x00000000ec500000)
 ParOldGen       total 68608K, used 33627K [0x00000000c0000000, 0x00000000c4300000, 0x00000000eab00000)
  object space 68608K, 49% used [0x00000000c0000000,0x00000000c20d6e50,0x00000000c4300000)
 Metaspace       used 47476K, committed 48256K, reserved 1114112K
  class space    used 4814K, committed 5184K, reserved 1048576K
}
Event: 7.743 GC heap after
{Heap after GC invocations=27 (full 2):
 PSYoungGen      total 22528K, used 1024K [0x00000000eab00000, 0x00000000ec580000, 0x0000000100000000)
  eden space 21504K, 0% used [0x00000000eab00000,0x00000000eab00000,0x00000000ec000000)
  from space 1024K, 100% used [0x00000000ec400000,0x00000000ec500000,0x00000000ec500000)
  to   space 512K, 0% used [0x00000000ec500000,0x00000000ec500000,0x00000000ec580000)
 ParOldGen       total 68608K, used 34051K [0x00000000c0000000, 0x00000000c4300000, 0x00000000eab00000)
  object space 68608K, 49% used [0x00000000c0000000,0x00000000c2140e58,0x00000000c4300000)
 Metaspace       used 47476K, committed 48256K, reserved 1114112K
  class space    used 4814K, committed 5184K, reserved 1048576K
}
Event: 7.990 GC heap before
{Heap before GC invocations=28 (full 2):
 PSYoungGen      total 22528K, used 22528K [0x00000000eab00000, 0x00000000ec580000, 0x0000000100000000)
  eden space 21504K, 100% used [0x00000000eab00000,0x00000000ec000000,0x00000000ec000000)
  from space 1024K, 100% used [0x00000000ec400000,0x00000000ec500000,0x00000000ec500000)
  to   space 512K, 0% used [0x00000000ec500000,0x00000000ec500000,0x00000000ec580000)
 ParOldGen       total 68608K, used 34051K [0x00000000c0000000, 0x00000000c4300000, 0x00000000eab00000)
  object space 68608K, 49% used [0x00000000c0000000,0x00000000c2140e58,0x00000000c4300000)
 Metaspace       used 48567K, committed 49344K, reserved 1114112K
  class space    used 4929K, committed 5312K, reserved 1048576K
}
Event: 7.993 GC heap after
{Heap after GC invocations=28 (full 2):
 PSYoungGen      total 22016K, used 496K [0x00000000eab00000, 0x00000000ec600000, 0x0000000100000000)
  eden space 21504K, 0% used [0x00000000eab00000,0x00000000eab00000,0x00000000ec000000)
  from space 512K, 96% used [0x00000000ec500000,0x00000000ec57c030,0x00000000ec580000)
  to   space 3072K, 0% used [0x00000000ec000000,0x00000000ec000000,0x00000000ec300000)
 ParOldGen       total 68608K, used 36229K [0x00000000c0000000, 0x00000000c4300000, 0x00000000eab00000)
  object space 68608K, 52% used [0x00000000c0000000,0x00000000c23617d8,0x00000000c4300000)
 Metaspace       used 48567K, committed 49344K, reserved 1114112K
  class space    used 4929K, committed 5312K, reserved 1048576K
}

Dll operation events (10 events):
Event: 0.013 Loaded shared library c:\Users\jeesh\.vscode\extensions\redhat.java-1.34.0-win32-x64\jre\17.0.12-win32-x86_64\bin\java.dll
Event: 0.140 Loaded shared library c:\Users\jeesh\.vscode\extensions\redhat.java-1.34.0-win32-x64\jre\17.0.12-win32-x86_64\bin\zip.dll
Event: 0.147 Loaded shared library C:\Users\jeesh\.vscode\extensions\redhat.java-1.34.0-win32-x64\jre\17.0.12-win32-x86_64\bin\instrument.dll
Event: 0.163 Loaded shared library C:\Users\jeesh\.vscode\extensions\redhat.java-1.34.0-win32-x64\jre\17.0.12-win32-x86_64\bin\net.dll
Event: 0.165 Loaded shared library C:\Users\jeesh\.vscode\extensions\redhat.java-1.34.0-win32-x64\jre\17.0.12-win32-x86_64\bin\nio.dll
Event: 0.176 Loaded shared library C:\Users\jeesh\.vscode\extensions\redhat.java-1.34.0-win32-x64\jre\17.0.12-win32-x86_64\bin\zip.dll
Event: 0.196 Loaded shared library C:\Users\jeesh\.vscode\extensions\redhat.java-1.34.0-win32-x64\jre\17.0.12-win32-x86_64\bin\jimage.dll
Event: 0.271 Loaded shared library c:\Users\jeesh\.vscode\extensions\redhat.java-1.34.0-win32-x64\jre\17.0.12-win32-x86_64\bin\verify.dll
Event: 1.397 Loaded shared library C:\Users\jeesh\AppData\Roaming\Code\User\globalStorage\redhat.java\1.34.0\config_ss_win\org.eclipse.equinox.launcher\org.eclipse.equinox.launcher.win32.win32.x86_64_1.2.1100.v20240722-2106\eclipse_11904.dll
Event: 4.132 Loaded shared library C:\Users\jeesh\AppData\Local\Temp\jna-2045632\jna6961927496977334502.dll

Deoptimization events (20 events):
Event: 8.120 Thread 0x000001e34e28d640 Uncommon trap: trap_request=0xffffff6e fr.pc=0x000001e33dd3160c relative=0x000000000000016c
Event: 8.120 Thread 0x000001e34e28d640 Uncommon trap: reason=loop_limit_check action=maybe_recompile pc=0x000001e33dd3160c method=java.lang.StringLatin1.lastIndexOf([BII)I @ 19 c2
Event: 8.120 Thread 0x000001e34e28d640 DEOPT PACKING pc=0x000001e33dd3160c sp=0x000000bd844fead0
Event: 8.120 Thread 0x000001e34e28d640 DEOPT UNPACKING pc=0x000001e33d6666a3 sp=0x000000bd844fe988 mode 2
Event: 8.208 Thread 0x000001e34e2903d0 DEOPT PACKING pc=0x000001e33697afc4 sp=0x000000bd845fa750
Event: 8.208 Thread 0x000001e34e2903d0 DEOPT UNPACKING pc=0x000001e33d666e43 sp=0x000000bd845f9e60 mode 0
Event: 8.217 Thread 0x000001e34e2903d0 DEOPT PACKING pc=0x000001e336ab20c3 sp=0x000000bd845fc560
Event: 8.217 Thread 0x000001e34e2903d0 DEOPT UNPACKING pc=0x000001e33d666e43 sp=0x000000bd845fba80 mode 0
Event: 8.249 Thread 0x000001e34e2903d0 DEOPT PACKING pc=0x000001e336156c09 sp=0x000000bd845fd440
Event: 8.249 Thread 0x000001e34e2903d0 DEOPT UNPACKING pc=0x000001e33d666e43 sp=0x000000bd845fc938 mode 0
Event: 8.284 Thread 0x000001e34e2903d0 DEOPT PACKING pc=0x000001e336ae45ce sp=0x000000bd845fd500
Event: 8.284 Thread 0x000001e34e2903d0 DEOPT UNPACKING pc=0x000001e33d666e43 sp=0x000000bd845fc990 mode 0
Event: 16.668 Thread 0x000001e34ef35b80 Uncommon trap: trap_request=0xffffffde fr.pc=0x000001e33dd54170 relative=0x0000000000000c50
Event: 16.668 Thread 0x000001e34ef35b80 Uncommon trap: reason=class_check action=maybe_recompile pc=0x000001e33dd54170 method=java.util.Spliterators$1Adapter.hasNext()Z @ 12 c2
Event: 16.668 Thread 0x000001e34ef35b80 DEOPT PACKING pc=0x000001e33dd54170 sp=0x000000bd859fe940
Event: 16.669 Thread 0x000001e34ef35b80 DEOPT UNPACKING pc=0x000001e33d6666a3 sp=0x000000bd859fe908 mode 2
Event: 16.749 Thread 0x000001e34ef30a80 Uncommon trap: trap_request=0xffffff45 fr.pc=0x000001e33ddc7d94 relative=0x0000000000000534
Event: 16.749 Thread 0x000001e34ef30a80 Uncommon trap: reason=unstable_if action=reinterpret pc=0x000001e33ddc7d94 method=java.util.HashMap.putVal(ILjava/lang/Object;Ljava/lang/Object;ZZ)Ljava/lang/Object; @ 236 c2
Event: 16.749 Thread 0x000001e34ef30a80 DEOPT PACKING pc=0x000001e33ddc7d94 sp=0x000000bd860fddb0
Event: 16.749 Thread 0x000001e34ef30a80 DEOPT UNPACKING pc=0x000001e33d6666a3 sp=0x000000bd860fdd28 mode 2

Classes loaded (20 events):
Event: 7.920 Loading class java/util/regex/Pattern$LazyLoop
Event: 7.920 Loading class java/util/regex/Pattern$LazyLoop done
Event: 7.921 Loading class java/util/regex/Pattern$Pos
Event: 7.921 Loading class java/util/regex/Pattern$Pos done
Event: 8.064 Loading class java/util/concurrent/ConcurrentHashMap$TreeNode
Event: 8.064 Loading class java/util/concurrent/ConcurrentHashMap$TreeNode done
Event: 8.064 Loading class java/util/concurrent/ConcurrentHashMap$TreeBin
Event: 8.064 Loading class java/util/concurrent/ConcurrentHashMap$TreeBin done
Event: 16.683 Loading class java/util/concurrent/ConcurrentHashMap$EntrySpliterator
Event: 16.684 Loading class java/util/concurrent/ConcurrentHashMap$EntrySpliterator done
Event: 16.703 Loading class java/util/concurrent/Executors$DelegatedScheduledExecutorService
Event: 16.708 Loading class java/util/concurrent/Executors$DelegatedExecutorService
Event: 16.709 Loading class java/util/concurrent/Executors$DelegatedExecutorService done
Event: 16.709 Loading class java/util/concurrent/Executors$DelegatedScheduledExecutorService done
Event: 16.734 Loading class java/util/zip/Deflater
Event: 16.737 Loading class java/util/zip/Deflater done
Event: 16.738 Loading class java/util/zip/Deflater$DeflaterZStreamRef
Event: 16.739 Loading class java/util/zip/Deflater$DeflaterZStreamRef done
Event: 16.827 Loading class java/util/Collections$EmptyListIterator
Event: 16.832 Loading class java/util/Collections$EmptyListIterator done

Classes unloaded (7 events):
Event: 2.167 Thread 0x000001e34c3b2860 Unloading class 0x000000010021a400 'java/lang/invoke/LambdaForm$MH+0x000000010021a400'
Event: 2.167 Thread 0x000001e34c3b2860 Unloading class 0x000000010021a000 'java/lang/invoke/LambdaForm$MH+0x000000010021a000'
Event: 2.167 Thread 0x000001e34c3b2860 Unloading class 0x0000000100219c00 'java/lang/invoke/LambdaForm$MH+0x0000000100219c00'
Event: 2.167 Thread 0x000001e34c3b2860 Unloading class 0x0000000100219800 'java/lang/invoke/LambdaForm$MH+0x0000000100219800'
Event: 2.167 Thread 0x000001e34c3b2860 Unloading class 0x0000000100219400 'java/lang/invoke/LambdaForm$BMH+0x0000000100219400'
Event: 2.167 Thread 0x000001e34c3b2860 Unloading class 0x0000000100219000 'java/lang/invoke/LambdaForm$DMH+0x0000000100219000'
Event: 2.167 Thread 0x000001e34c3b2860 Unloading class 0x0000000100214400 'java/lang/invoke/LambdaForm$DMH+0x0000000100214400'

Classes redefined (0 events):
No events

Internal exceptions (20 events):
Event: 7.403 Thread 0x000001e34e2903d0 Exception <a 'java/io/FileNotFoundException'{0x00000000ebeeedb0}> (0x00000000ebeeedb0) 
thrown [s\src\hotspot\share\prims\jni.cpp, line 516]
Event: 7.403 Thread 0x000001e34e2903d0 Exception <a 'java/io/FileNotFoundException'{0x00000000ebef0a20}> (0x00000000ebef0a20) 
thrown [s\src\hotspot\share\prims\jni.cpp, line 516]
Event: 7.403 Thread 0x000001e34e2903d0 Exception <a 'java/io/FileNotFoundException'{0x00000000ebef2178}> (0x00000000ebef2178) 
thrown [s\src\hotspot\share\prims\jni.cpp, line 516]
Event: 7.404 Thread 0x000001e34e2903d0 Exception <a 'java/io/FileNotFoundException'{0x00000000ebef33f8}> (0x00000000ebef33f8) 
thrown [s\src\hotspot\share\prims\jni.cpp, line 516]
Event: 7.459 Thread 0x000001e34e2903d0 Exception <a 'java/lang/NoSuchMethodError'{0x00000000eb9741c0}: 'java.lang.Object java.lang.invoke.DirectMethodHandle$Holder.invokeVirtual(java.lang.Object, java.lang.Object, java.lang.Object)'> (0x00000000eb9741c0) 
thrown [s\src\hotspot\share\interpreter\linkResolver.cpp, line 759]
Event: 7.546 Thread 0x000001e34e2903d0 Exception <a 'java/lang/NoSuchMethodError'{0x00000000ebdebca8}: 'int java.lang.invoke.DirectMethodHandle$Holder.invokeSpecialIFC(java.lang.Object, java.lang.Object, java.lang.Object)'> (0x00000000ebdebca8) 
thrown [s\src\hotspot\share\interpreter\linkResolver.cpp, line 759]
Event: 7.686 Thread 0x000001e34ef36090 Exception <a 'java/lang/NoSuchMethodError'{0x00000000eae38878}: 'int java.lang.invoke.DirectMethodHandle$Holder.invokeInterface(java.lang.Object, java.lang.Object)'> (0x00000000eae38878) 
thrown [s\src\hotspot\share\interpreter\linkResolver.cpp, line 759]
Event: 7.687 Thread 0x000001e34ef36090 Exception <a 'java/lang/IncompatibleClassChangeError'{0x00000000eae3be08}: Found class java.lang.Object, but interface was expected> (0x00000000eae3be08) 
thrown [s\src\hotspot\share\interpreter\linkResolver.cpp, line 826]
Event: 7.715 Thread 0x000001e34e2903d0 Exception <a 'sun/nio/fs/WindowsException'{0x00000000eb6c0328}> (0x00000000eb6c0328) 
thrown [s\src\hotspot\share\prims\jni.cpp, line 516]
Event: 7.715 Thread 0x000001e34e2903d0 Exception <a 'sun/nio/fs/WindowsException'{0x00000000eb6c0a48}> (0x00000000eb6c0a48) 
thrown [s\src\hotspot\share\prims\jni.cpp, line 516]
Event: 7.726 Thread 0x000001e34ef323d0 Exception <a 'sun/nio/fs/WindowsException'{0x00000000ebad4790}> (0x00000000ebad4790) 
thrown [s\src\hotspot\share\prims\jni.cpp, line 516]
Event: 7.757 Thread 0x000001e34ef323d0 Exception <a 'sun/nio/fs/WindowsException'{0x00000000eaec1d98}> (0x00000000eaec1d98) 
thrown [s\src\hotspot\share\prims\jni.cpp, line 516]
Event: 7.770 Thread 0x000001e34ef36090 Exception <a 'java/lang/NoSuchMethodError'{0x00000000eb065410}: 'int java.lang.invoke.DirectMethodHandle$Holder.invokeStatic(java.lang.Object, java.lang.Object, java.lang.Object, int)'> (0x00000000eb065410) 
thrown [s\src\hotspot\share\interpreter\linkResolver.cpp, line 759]
Event: 7.875 Thread 0x000001e34e28d640 Exception <a 'java/lang/NoSuchMethodError'{0x00000000eb5e5db8}: 'java.lang.Object java.lang.invoke.DirectMethodHandle$Holder.newInvokeSpecial(java.lang.Object, java.lang.Object, java.lang.Object, java.lang.Object, java.lang.Object, java.lang.Object)'> (0x00000000eb5e5db8) 
thrown [s\src\hotspot\share\interpreter\linkResolver.cpp, line 759]
Event: 8.115 Thread 0x000001e34e28d640 Exception <a 'sun/nio/fs/WindowsException'{0x00000000eb214e68}> (0x00000000eb214e68) 
thrown [s\src\hotspot\share\prims\jni.cpp, line 516]
Event: 8.115 Thread 0x000001e34e28d640 Exception <a 'sun/nio/fs/WindowsException'{0x00000000eb215588}> (0x00000000eb215588) 
thrown [s\src\hotspot\share\prims\jni.cpp, line 516]
Event: 16.862 Thread 0x000001e34ef35b80 Exception <a 'java/lang/NoSuchMethodError'{0x00000000ebcebb08}: 'java.lang.Object java.lang.invoke.DirectMethodHandle$Holder.newInvokeSpecial(java.lang.Object, java.lang.Object, java.lang.Object, java.lang.Object, java.lang.Object, java.lang.Object, java.lang.Object, java.lang.Object, java.lang.Object, java.lang.Object)'> (0x00000000ebcebb08) 
thrown [s\src\hotspot\share\interpreter\linkResolver.cpp, line 759]
Event: 16.862 Thread 0x000001e34ef35b80 Exception <a 'java/lang/NoSuchMethodError'{0x00000000ebcf0cb8}: 'java.lang.Object java.lang.invoke.DirectMethodHandle$Holder.invokeSpecial(java.lang.Object, java.lang.Object, java.lang.Object, java.lang.Object, java.lang.Object, java.lang.Object, java.lang.Object, java.lang.Object, java.lang.Object, java.lang.Object, java.lang.Object)'> (0x00000000ebcf0cb8) 
thrown [s\src\hotspot\share\interpreter\linkResolver.cpp, line 759]
Event: 16.864 Thread 0x000001e34ef35b80 Exception <a 'java/lang/NoSuchMethodError'{0x00000000ebcf5418}: 'java.lang.Object java.lang.invoke.Invokers$Holder.linkToTargetMethod(java.lang.Object, java.lang.Object, java.lang.Object, java.lang.Object, java.lang.Object, java.lang.Object, java.lang.Object, java.lang.Object, java.lang.Object, java.lang.Object)'> (0x00000000ebcf5418) 
thrown [s\src\hotspot\share\interpreter\linkResolver.cpp, line 759]
Event: 16.952 Thread 0x000001e34ef35b80 Exception <a 'sun/nio/fs/WindowsException'{0x00000000ebd7bbb0}> (0x00000000ebd7bbb0) 
thrown [s\src\hotspot\share\prims\jni.cpp, line 516]

VM Operations (20 events):
Event: 7.740 Executing VM operation: ParallelGCFailedAllocation
Event: 7.743 Executing VM operation: ParallelGCFailedAllocation done
Event: 7.763 Executing VM operation: HandshakeAllThreads
Event: 7.763 Executing VM operation: HandshakeAllThreads done
Event: 7.783 Executing VM operation: HandshakeAllThreads
Event: 7.783 Executing VM operation: HandshakeAllThreads done
Event: 7.920 Executing VM operation: HandshakeAllThreads
Event: 7.921 Executing VM operation: HandshakeAllThreads done
Event: 7.923 Executing VM operation: HandshakeAllThreads
Event: 7.923 Executing VM operation: HandshakeAllThreads done
Event: 7.990 Executing VM operation: ParallelGCFailedAllocation
Event: 7.993 Executing VM operation: ParallelGCFailedAllocation done
Event: 8.037 Executing VM operation: HandshakeAllThreads
Event: 8.039 Executing VM operation: HandshakeAllThreads done
Event: 9.040 Executing VM operation: Cleanup
Event: 9.040 Executing VM operation: Cleanup done
Event: 12.064 Executing VM operation: Cleanup
Event: 12.064 Executing VM operation: Cleanup done
Event: 13.065 Executing VM operation: Cleanup
Event: 13.065 Executing VM operation: Cleanup done

Events (20 events):
Event: 6.886 Thread 0x000001e34ef33d20 Thread exited: 0x000001e34ef33d20
Event: 7.188 Thread 0x000001e34ef36090 Thread added: 0x000001e34ef36090
Event: 7.189 Thread 0x000001e34e6ba420 Thread exited: 0x000001e34e6ba420
Event: 7.510 Thread 0x000001e34ef33810 Thread added: 0x000001e34ef33810
Event: 7.640 Thread 0x000001e34ef365a0 Thread added: 0x000001e34ef365a0
Event: 7.896 Thread 0x000001e34ef36ab0 Thread added: 0x000001e34ef36ab0
Event: 7.896 Thread 0x000001e34ef36fc0 Thread added: 0x000001e34ef36fc0
Event: 7.896 Thread 0x000001e34ef33d20 Thread added: 0x000001e34ef33d20
Event: 7.896 Thread 0x000001e34ef30f90 Thread added: 0x000001e34ef30f90
Event: 16.706 Thread 0x000001e34ef30a80 Thread added: 0x000001e34ef30a80
Event: 16.711 Thread 0x000001e34ef328e0 Thread added: 0x000001e34ef328e0
Event: 16.731 Thread 0x000001e34ef34230 Thread added: 0x000001e34ef34230
Event: 16.763 Thread 0x000001e34ef34740 Thread added: 0x000001e34ef34740
Event: 16.787 Thread 0x000001e34ef34230 Thread exited: 0x000001e34ef34230
Event: 16.787 Thread 0x000001e34ef30a80 Thread exited: 0x000001e34ef30a80
Event: 16.787 Thread 0x000001e34ef34740 Thread exited: 0x000001e34ef34740
Event: 16.882 Thread 0x000001e34ef34230 Thread added: 0x000001e34ef34230
Event: 16.891 Thread 0x000001e34ef34740 Thread added: 0x000001e34ef34740
Event: 16.918 Thread 0x000001e34ef34740 Thread exited: 0x000001e34ef34740
Event: 16.918 Thread 0x000001e34ef34230 Thread exited: 0x000001e34ef34230


Dynamic libraries:
0x00007ff6f6930000 - 0x00007ff6f693e000 	c:\Users\jeesh\.vscode\extensions\redhat.java-1.34.0-win32-x64\jre\17.0.12-win32-x86_64\bin\java.exe
0x00007ffc34cd0000 - 0x00007ffc34ee7000 	C:\WINDOWS\SYSTEM32\ntdll.dll
0x00007ffc331c0000 - 0x00007ffc33284000 	C:\WINDOWS\System32\KERNEL32.DLL
0x00007ffc32110000 - 0x00007ffc324bd000 	C:\WINDOWS\System32\KERNELBASE.dll
0x00007ffc2c5d0000 - 0x00007ffc2c667000 	C:\WINDOWS\SYSTEM32\apphelp.dll
0x00007ffc327f0000 - 0x00007ffc32901000 	C:\WINDOWS\System32\ucrtbase.dll
0x00007ffc018b0000 - 0x00007ffc018cb000 	c:\Users\jeesh\.vscode\extensions\redhat.java-1.34.0-win32-x64\jre\17.0.12-win32-x86_64\bin\VCRUNTIME140.dll
0x00007ffc2a2c0000 - 0x00007ffc2a2d7000 	c:\Users\jeesh\.vscode\extensions\redhat.java-1.34.0-win32-x64\jre\17.0.12-win32-x86_64\bin\jli.dll
0x00007ffc33900000 - 0x00007ffc33aae000 	C:\WINDOWS\System32\USER32.dll
0x00007ffc320e0000 - 0x00007ffc32106000 	C:\WINDOWS\System32\win32u.dll
0x00007ffc08880000 - 0x00007ffc08b13000 	C:\WINDOWS\WinSxS\amd64_microsoft.windows.common-controls_6595b64144ccf1df_6.0.22621.3672_none_2713b9d173822955\COMCTL32.dll
0x00007ffc33190000 - 0x00007ffc331b9000 	C:\WINDOWS\System32\GDI32.dll
0x00007ffc33ab0000 - 0x00007ffc33b57000 	C:\WINDOWS\System32\msvcrt.dll
0x00007ffc32630000 - 0x00007ffc32749000 	C:\WINDOWS\System32\gdi32full.dll
0x00007ffc32750000 - 0x00007ffc327ea000 	C:\WINDOWS\System32\msvcp_win.dll
0x00007ffc34c50000 - 0x00007ffc34c81000 	C:\WINDOWS\System32\IMM32.DLL
0x00007ffc2a930000 - 0x00007ffc2a93c000 	c:\Users\jeesh\.vscode\extensions\redhat.java-1.34.0-win32-x64\jre\17.0.12-win32-x86_64\bin\vcruntime140_1.dll
0x00007ffbb5900000 - 0x00007ffbb598d000 	c:\Users\jeesh\.vscode\extensions\redhat.java-1.34.0-win32-x64\jre\17.0.12-win32-x86_64\bin\msvcp140.dll
0x00007ffaedfc0000 - 0x00007ffaeec2a000 	c:\Users\jeesh\.vscode\extensions\redhat.java-1.34.0-win32-x64\jre\17.0.12-win32-x86_64\bin\server\jvm.dll
0x00007ffc333c0000 - 0x00007ffc33472000 	C:\WINDOWS\System32\ADVAPI32.dll
0x00007ffc32a00000 - 0x00007ffc32aa9000 	C:\WINDOWS\System32\sechost.dll
0x00007ffc329d0000 - 0x00007ffc329f8000 	C:\WINDOWS\System32\bcrypt.dll
0x00007ffc33290000 - 0x00007ffc333a4000 	C:\WINDOWS\System32\RPCRT4.dll
0x00007ffc33b60000 - 0x00007ffc33bd1000 	C:\WINDOWS\System32\WS2_32.dll
0x00007ffc30e60000 - 0x00007ffc30ead000 	C:\WINDOWS\SYSTEM32\POWRPROF.dll
0x00007ffc2a380000 - 0x00007ffc2a3b4000 	C:\WINDOWS\SYSTEM32\WINMM.dll
0x00007ffc27fb0000 - 0x00007ffc27fba000 	C:\WINDOWS\SYSTEM32\VERSION.dll
0x00007ffc30e40000 - 0x00007ffc30e53000 	C:\WINDOWS\SYSTEM32\UMPDC.dll
0x00007ffc310f0000 - 0x00007ffc31108000 	C:\WINDOWS\SYSTEM32\kernel.appcore.dll
0x00007ffc2a2b0000 - 0x00007ffc2a2ba000 	c:\Users\jeesh\.vscode\extensions\redhat.java-1.34.0-win32-x64\jre\17.0.12-win32-x86_64\bin\jimage.dll
0x00007ffc26720000 - 0x00007ffc26952000 	C:\WINDOWS\SYSTEM32\DBGHELP.DLL
0x00007ffc33c30000 - 0x00007ffc33fbe000 	C:\WINDOWS\System32\combase.dll
0x00007ffc32bb0000 - 0x00007ffc32c87000 	C:\WINDOWS\System32\OLEAUT32.dll
0x00007ffc219e0000 - 0x00007ffc21a12000 	C:\WINDOWS\SYSTEM32\dbgcore.DLL
0x00007ffc31ff0000 - 0x00007ffc3206b000 	C:\WINDOWS\System32\bcryptPrimitives.dll
0x00007ffc2a210000 - 0x00007ffc2a21e000 	c:\Users\jeesh\.vscode\extensions\redhat.java-1.34.0-win32-x64\jre\17.0.12-win32-x86_64\bin\instrument.dll
0x00007ffbcced0000 - 0x00007ffbccef5000 	c:\Users\jeesh\.vscode\extensions\redhat.java-1.34.0-win32-x64\jre\17.0.12-win32-x86_64\bin\java.dll
0x00007ffbb95c0000 - 0x00007ffbb95d8000 	c:\Users\jeesh\.vscode\extensions\redhat.java-1.34.0-win32-x64\jre\17.0.12-win32-x86_64\bin\zip.dll
0x00007ffc33fd0000 - 0x00007ffc34837000 	C:\WINDOWS\System32\SHELL32.dll
0x00007ffc2ff30000 - 0x00007ffc3082f000 	C:\WINDOWS\SYSTEM32\windows.storage.dll
0x00007ffc2fdf0000 - 0x00007ffc2ff2f000 	C:\WINDOWS\SYSTEM32\wintypes.dll
0x00007ffc34af0000 - 0x00007ffc34be9000 	C:\WINDOWS\System32\SHCORE.dll
0x00007ffc34840000 - 0x00007ffc3489e000 	C:\WINDOWS\System32\shlwapi.dll
0x00007ffc31f20000 - 0x00007ffc31f47000 	C:\WINDOWS\SYSTEM32\profapi.dll
0x00007ffbb90c0000 - 0x00007ffbb90d9000 	C:\Users\jeesh\.vscode\extensions\redhat.java-1.34.0-win32-x64\jre\17.0.12-win32-x86_64\bin\net.dll
0x00007ffc2ddc0000 - 0x00007ffc2def6000 	C:\WINDOWS\SYSTEM32\WINHTTP.dll
0x00007ffc31550000 - 0x00007ffc315b9000 	C:\WINDOWS\system32\mswsock.dll
0x00007ffbb7c60000 - 0x00007ffbb7c76000 	C:\Users\jeesh\.vscode\extensions\redhat.java-1.34.0-win32-x64\jre\17.0.12-win32-x86_64\bin\nio.dll
0x00007ffc21c10000 - 0x00007ffc21c20000 	c:\Users\jeesh\.vscode\extensions\redhat.java-1.34.0-win32-x64\jre\17.0.12-win32-x86_64\bin\verify.dll
0x00007ffbb4f60000 - 0x00007ffbb4fa5000 	C:\Users\jeesh\AppData\Roaming\Code\User\globalStorage\redhat.java\1.34.0\config_ss_win\org.eclipse.equinox.launcher\org.eclipse.equinox.launcher.win32.win32.x86_64_1.2.1100.v20240722-2106\eclipse_11904.dll
0x00007ffc32fe0000 - 0x00007ffc33185000 	C:\WINDOWS\System32\ole32.dll
0x00007ffc317f0000 - 0x00007ffc3180b000 	C:\WINDOWS\SYSTEM32\CRYPTSP.dll
0x00007ffc31050000 - 0x00007ffc31085000 	C:\WINDOWS\system32\rsaenh.dll
0x00007ffc315f0000 - 0x00007ffc31618000 	C:\WINDOWS\SYSTEM32\USERENV.dll
0x00007ffc31760000 - 0x00007ffc3176c000 	C:\WINDOWS\SYSTEM32\CRYPTBASE.dll
0x00007ffc30b40000 - 0x00007ffc30b6d000 	C:\WINDOWS\SYSTEM32\IPHLPAPI.DLL
0x00007ffc333b0000 - 0x00007ffc333b9000 	C:\WINDOWS\System32\NSI.dll
0x00007ffc2dc10000 - 0x00007ffc2dc29000 	C:\WINDOWS\SYSTEM32\dhcpcsvc6.DLL
0x00007ffc2d7c0000 - 0x00007ffc2d7df000 	C:\WINDOWS\SYSTEM32\dhcpcsvc.DLL
0x00007ffc30b70000 - 0x00007ffc30c68000 	C:\WINDOWS\SYSTEM32\DNSAPI.dll
0x00007ffba3990000 - 0x00007ffba39d5000 	C:\Users\jeesh\AppData\Local\Temp\jna-2045632\jna6961927496977334502.dll
0x00007ffc33fc0000 - 0x00007ffc33fc8000 	C:\WINDOWS\System32\PSAPI.DLL

dbghelp: loaded successfully - version: 4.0.5 - missing functions: none
symbol engine: initialized successfully - sym options: 0x614 - pdb path: .;c:\Users\jeesh\.vscode\extensions\redhat.java-1.34.0-win32-x64\jre\17.0.12-win32-x86_64\bin;C:\WINDOWS\SYSTEM32;C:\WINDOWS\WinSxS\amd64_microsoft.windows.common-controls_6595b64144ccf1df_6.0.22621.3672_none_2713b9d173822955;c:\Users\jeesh\.vscode\extensions\redhat.java-1.34.0-win32-x64\jre\17.0.12-win32-x86_64\bin\server;C:\Users\jeesh\AppData\Roaming\Code\User\globalStorage\redhat.java\1.34.0\config_ss_win\org.eclipse.equinox.launcher\org.eclipse.equinox.launcher.win32.win32.x86_64_1.2.1100.v20240722-2106;C:\Users\jeesh\AppData\Local\Temp\jna-2045632

VM Arguments:
jvm_args: --add-modules=ALL-SYSTEM --add-opens=java.base/java.util=ALL-UNNAMED --add-opens=java.base/java.lang=ALL-UNNAMED --add-opens=java.base/sun.nio.fs=ALL-UNNAMED -Declipse.application=org.eclipse.jdt.ls.core.id1 -Dosgi.bundles.defaultStartLevel=4 -Declipse.product=org.eclipse.jdt.ls.core.product -Djava.import.generatesMetadataFilesAtProjectRoot=false -DDetectVMInstallationsJob.disabled=true -Dfile.encoding=utf8 -XX:+UseParallelGC -XX:GCTimeRatio=4 -XX:AdaptiveSizePolicyWeight=90 -Dsun.zip.disableMemoryMapping=true -Xmx1G -Xms100m -Xlog:disable -javaagent:c:\Users\jeesh\.vscode\extensions\redhat.java-1.34.0-win32-x64\lombok\lombok-1.18.33.jar 
java_command: c:\Users\jeesh\.vscode\extensions\redhat.java-1.34.0-win32-x64\server\plugins\org.eclipse.equinox.launcher_1.6.900.v20240613-2009.jar -configuration c:\Users\jeesh\AppData\Roaming\Code\User\globalStorage\redhat.java\1.34.0\config_ss_win -data c:\Users\jeesh\AppData\Roaming\Code\User\workspaceStorage\3604ab0247817368cfd52dc7192b53cd\redhat.java\ss_ws --pipe=\\.\pipe\lsp-4080f6e0d95d0c2f819032197e00e70f-sock
java_class_path (initial): c:\Users\jeesh\.vscode\extensions\redhat.java-1.34.0-win32-x64\server\plugins\org.eclipse.equinox.launcher_1.6.900.v20240613-2009.jar
Launcher Type: SUN_STANDARD

[Global flags]
    uintx AdaptiveSizePolicyWeight                 = 90                                        {product} {command line}
     intx CICompilerCount                          = 4                                         {product} {ergonomic}
    uintx GCTimeRatio                              = 4                                         {product} {command line}
   size_t InitialHeapSize                          = 104857600                                 {product} {command line}
   size_t MaxHeapSize                              = 1073741824                                {product} {command line}
   size_t MaxNewSize                               = 357564416                                 {product} {ergonomic}
   size_t MinHeapDeltaBytes                        = 524288                                    {product} {ergonomic}
   size_t MinHeapSize                              = 104857600                                 {product} {command line}
   size_t NewSize                                  = 34603008                                  {product} {ergonomic}
    uintx NonNMethodCodeHeapSize                   = 5839372                                {pd product} {ergonomic}
    uintx NonProfiledCodeHeapSize                  = 122909434                              {pd product} {ergonomic}
   size_t OldSize                                  = 70254592                                  {product} {ergonomic}
    uintx ProfiledCodeHeapSize                     = 122909434                              {pd product} {ergonomic}
    uintx ReservedCodeCacheSize                    = 251658240                              {pd product} {ergonomic}
     bool SegmentedCodeCache                       = true                                      {product} {ergonomic}
   size_t SoftMaxHeapSize                          = 1073741824                             {manageable} {ergonomic}
     bool UseCompressedClassPointers               = true                           {product lp64_product} {ergonomic}
     bool UseCompressedOops                        = true                           {product lp64_product} {ergonomic}
     bool UseLargePagesIndividualAllocation        = false                                  {pd product} {ergonomic}
     bool UseParallelGC                            = true                                      {product} {command line}

Logging:
Log output configuration:
 #0: stdout all=off uptime,level,tags
 #1: stderr all=off uptime,level,tags

Environment Variables:
JAVA_HOME=C:\Program Files\Java\jdk-21_windows-x64_bin\jdk-21.0.4
PATH=C:\Program Files\Eclipse Adoptium\jdk-21.0.4.7-hotspot\bin;C:\Program Files\Common Files\Oracle\Java\javapath;C:\Program Files (x86)\Common Files\Oracle\Java\javapath;C:\Program Files\Microsoft\jdk-11.0.16.101-hotspot\bin;C:\windows\system32;C:\windows;C:\windows\System32\Wbem;C:\windows\System32\WindowsPowerShell\v1.0\;C:\windows\System32\OpenSSH\;C:\Program Files (x86)\NVIDIA Corporation\PhysX\Common;C:\Program Files\NVIDIA Corporation\NVIDIA NvDLISR;C:\WINDOWS\system32;C:\WINDOWS;C:\WINDOWS\System32\Wbem;C:\WINDOWS\System32\WindowsPowerShell\v1.0\;C:\WINDOWS\System32\OpenSSH\;C:\Program Files (x86)\Microsoft SQL Server\160\Tools\Binn\;C:\Program Files\Microsoft SQL Server\160\Tools\Binn\;C:\Program Files\Microsoft SQL Server\Client SDK\ODBC\170\Tools\Binn\;C:\Program Files\Microsoft SQL Server\160\DTS\Binn\;C:\Program Files\Microsoft SQL Server\150\Tools\Binn\;C:\Program Files (x86)\Microsoft SQL Server\160\DTS\Binn\;C:\Program Files\Azure Data Studio\bin;C:\Program Files\Docker\Docker\resources\bin;C:\Program Files\Git\cmd;C:\Program Files (x86)\Pulse Secure\VC142.CRT\X64\;C:\Program Files (x86)\Pulse Secure\VC142.CRT\X86\;C:\Program Files (x86)\Common Files\Pulse Secure\TNC Client Plugin\;C:\Program Files\dotnet\;C:\Users\jeesh\AppData\Roaming\nvm;C:\Program Files\nodejs;C:\Program Files\New folder\bin;C:\Users\jeesh\AppData\Local\Programs\Python\Launcher\;C:\Program Files\MySQL\MySQL Shell 8.0\bin\;C:\Users\jeesh\AppData\Local\Microsoft\WindowsApps;C:\Users\jeesh\AppData\Local\Programs\Microsoft VS Code\bin;C:\Program Files\Azure Data Studio\bin;C:\Users\jeesh\.dotnet\tools;C:\Users\jeesh\AppData\Roaming\npm;C:\Users\jeesh\AppData\Roaming\nvm;C:\Program Files\nodejs;C:\Program Files\MySQL\MySQL Server 8.0\bin;C:\Users\jeesh\AppData\Local\GitHubDesktop\bin;C:\Program Files\Java\jdk-21_windows-x64_bin\jdk-21.0.4;
USERNAME=Anna
OS=Windows_NT
PROCESSOR_IDENTIFIER=AMD64 Family 25 Model 80 Stepping 0, AuthenticAMD
TMP=C:\Users\jeesh\AppData\Local\Temp
TEMP=C:\Users\jeesh\AppData\Local\Temp



Periodic native trim disabled


---------------  S Y S T E M  ---------------

OS:
 Windows 11 , 64 bit Build 22621 (10.0.22621.3958)
OS uptime: 1 days 2:08 hours
Hyper-V role detected

CPU: total 12 (initial active 12) (12 cores per cpu, 2 threads per core) family 25 model 80 stepping 0 microcode 0x0, cx8, cmov, fxsr, ht, mmx, 3dnowpref, sse, sse2, sse3, ssse3, sse4a, sse4.1, sse4.2, popcnt, lzcnt, tsc, tscinvbit, avx, avx2, aes, erms, clmul, bmi1, bmi2, adx, sha, fma, vzeroupper, clflush, clflushopt, hv
Processor Information for all 12 processors :
  Max Mhz: 3301, Current Mhz: 3301, Mhz Limit: 3301

Memory: 4k page, system-wide physical 7521M (17M free)
TotalPageFile size 31073M (AvailPageFile size 9M)
current process WorkingSet (physical memory assigned to process): 81M, peak: 217M
current process commit charge ("private bytes"): 278M, peak: 300M

vm_info: OpenJDK 64-Bit Server VM (17.0.12+7) for windows-amd64 JRE (17.0.12+7), built on Jul 16 2024 22:08:24 by "admin" with MS VC++ 16.10 / 16.11 (VS2019)

END.
